<?xml version="1.0" encoding="UTF-8"?>
<beans default-lazy-init="true"
	xmlns="http://www.springframework.org/schema/beans" xmlns:p="http://www.springframework.org/schema/p"
	xmlns:aop="http://www.springframework.org/schema/aop" xmlns:context="http://www.springframework.org/schema/context"
	xmlns:jee="http://www.springframework.org/schema/jee" xmlns:tx="http://www.springframework.org/schema/tx"
	xmlns:xsi="http://www.w3.org/2001/XMLSchema-instance" xmlns:task="http://www.springframework.org/schema/task"
	xmlns:util="http://www.springframework.org/schema/util"
	xsi:schemaLocation="http://www.springframework.org/schema/aop http://www.springframework.org/schema/aop/spring-aop-3.0.xsd   http://www.springframework.org/schema/beans http://www.springframework.org/schema/beans/spring-beans-3.0.xsd   http://www.springframework.org/schema/context http://www.springframework.org/schema/context/spring-context-3.0.xsd   http://www.springframework.org/schema/jee http://www.springframework.org/schema/jee/spring-jee-3.0.xsd   http://www.springframework.org/schema/tx http://www.springframework.org/schema/tx/spring-tx-3.0.xsd   http://www.springframework.org/schema/task http://www.springframework.org/schema/task/spring-task-3.0.xsd http://www.springframework.org/schema/util http://www.springframework.org/schema/util/spring-util-3.0.xsd">

	<context:spring-configured />
	<context:annotation-config />
	
	<context:property-placeholder location="classpath*:/test.properties" />

	<context:component-scan base-package="in.app.student.*" />
	
	<bean id="sessionFactory"
		class="org.springframework.orm.hibernate4.LocalSessionFactoryBean">
		<property name="dataSource">
			<ref local="dataSource" />
		</property>
     <property name="packagesToScan" value="in.app.student.entity"></property>
		<property name="hibernateProperties">
			<props>
				<prop key="hibernate.connection.release_mode">auto</prop>
				<prop key="hibernate.auto_close_session">auto</prop>
				<prop key="hibernate.dialect">${test.database.hibernate.dialect}</prop>
				<prop key="hibernate.hbm2ddl.auto">${test.database.hibernate.hbm2ddl.auto}</prop>
				<prop key="hibernate.show_sql">true</prop>
				<prop key="hibernate.connection.autocommit">true</prop>
				<prop key="org.hibernate.envers.audit_table_prefix">history_</prop>
				<prop key="hibernate.cache.use_second_level_cache">false</prop>
				<prop key="hibernate.cache.region.factory_class">org.hibernate.cache.ehcache.SingletonEhCacheRegionFactory
				</prop>
				<prop key="hibernate.cache.use_query_cache">false</prop>
				<prop key="hibernate.generate_statistics">false</prop>
			</props>
		</property>
	</bean>

	<bean id="dataSource" class="com.mchange.v2.c3p0.ComboPooledDataSource"
		destroy-method="close" p:driverClass="${test.database.driverClassName}"
		p:jdbcUrl="${test.database.url.xml}" p:user="${test.database.username}"
		p:password="${test.database.password}" p:acquireIncrement="5"
		p:idleConnectionTestPeriod="60" p:maxPoolSize="100" p:maxStatements="50"
		p:minPoolSize="10" />

	<tx:annotation-driven transaction-manager="transactionManager" />
	<bean id="transactionManager"
		class="org.springframework.orm.hibernate4.HibernateTransactionManager">
		<property name="sessionFactory" ref="sessionFactory" />
	</bean>
</beans>